|SourceProjectName:Model-Glue.hpr
|DestinationProjectName:Model-Glue.htm
whhost.js
whmsg.js
whmozemu.js
whproxy.js
whstub.js
whutils.js
whver.js
whform.js
whphost.js
whstart.js
whtopic.js
whframes.js
whlang.js
whskin_info.htm
whskin_blank.htm
whskin_pickup.htm
whskin_homepage.htm
whskin_tw.htm
whnjs.htm
whthost.js
whtdhtml.htm
whihost.js
whibody.htm
whiform.htm
whfhost.js
whfbody.htm
whfform.htm
whghost.js
whgbody.htm
whgdhtml.htm
whgdef.htm
whproj.js
whproj.xml
whproj.htm
whxdata\whtoc.xml
whxdata\whidx.xml
whxdata\whfts.xml
whxdata\whglo.xml
whdata\whtoc.js
whdata\whtoc.htm
whdata\whtdata.js
whdata\whidx.js
whdata\whidx.htm
whdata\whidata.js
whdata\whfts.js
whdata\whfts.htm
whdata\whglo.js
whdata\whglo.htm
whdata\whgdata.js
whdata\whftdata.js
whdata\whfwdata.js
whres.xml
WebHelp.jar
WebHelp.cab
whgdata\whnvp30.htm
whgdata\whnvp31.htm
whgdata\whnvp32.htm
whgdata\whnvp33.htm
whgdata\whnvt30.htm
whgdata\whnvt31.htm
whgdata\whnvt32.htm
whgdata\whnvt33.htm
whgdata\whnvf30.htm
whgdata\whnvf31.htm
whgdata\whnvf32.htm
whgdata\whnvf33.htm
whgdata\whnvl31.htm
whgdata\whnvl32.htm
whgdata\whnvl33.htm
whgdata\whexpbar.gif
cshdat_webhelp.htm
whcsh_home.htm
whcshdata.htm
cshdat_robohelp.htm
wht_tab0.gif
wht_tab1.gif
wht_tab2.gif
wht_tab3.gif
wht_tab4.gif
wht_tab5.gif
wht_tab6.gif
wht_tab7.gif
wht_tab8.gif
wht_glo_h.gif
wht_glo_n.gif
wht_fts_h.gif
wht_fts_n.gif
wht_idx_h.gif
wht_idx_n.gif
wht_toc_h.gif
wht_toc_n.gif
wht_ws.gif
wht_ws_g.gif
wht_logo1.gif
wht_logo2.gif
wht_abgw.jpg
wht_abgi.jpg
wht_abge.jpg
wht_abtw.jpg
wht_abte.jpg
wht_abti.jpg
wht_spac.gif
wht_next.gif
wht_next_g.gif
wht_prev.gif
wht_prev_g.gif
wht_sync.gif
wht_hide.gif
wht_go.gif
whstart.ico
whestart.ico
whrstart.ico
whidhtml.htm
whfdhtml.htm
whskin_banner.htm
whtbar.js
chr_back.gif
chr_con_on.gif
chr_con_out.gif
chr_ind_on.gif
chr_ind_out.gif
chr_sea_on.gif
chr_sea_out.gif
chr_glo_on.gif
chr_glo_out.gif
chr_web_on.gif
chr_web_out.gif
chr_search.gif
chr_arrow_le_out.gif
chr_arrow_le_on.gif
chr_arrow_ri_out.gif
chr_arrow_ri_on.gif
chr_sync.gif
chr_hide.gif
chr_webpage.gif
chr_book_clo.gif
chr_book_op.gif
chr_page.gif
whskin_pdhtml.htm
whskin_papplet.htm
whskin_plist.htm
whskin_tbars.htm
whskin_mbars.htm
whskin_frmset010.htm
whst_topics.xml
whskin_frmset01.htm
Model-Glue_hha.hhk
Model-Glue.hhc
Model-Glue.hhk
How_To_s\How_To_Add_Custom_Configuration\How_To_Add_Custom_Configration.htm
How_To_s\How_To_Use_Generic_Database_Messages\How_To_Use_Generic_Database_Messages.htm
How_To_s\How_To_Use_Generic_Database_Messages\Using_modelglue.GenericCommit.htm
How_To_s\How_To_Use_Generic_Database_Messages\Using_modelglue.GenericDelete.htm
How_To_s\How_To_Use_Generic_Database_Messages\Using_modelglue.GenericList.htm
How_To_s\How_To_Use_Generic_Database_Messages\Using_modelglue.GenericRead.htm
How_To_s\How_To_Use_Scaffolds\Adding_Specific_Event_Handlers.htm
How_To_s\How_To_Use_Scaffolds\Customizing_Generated_CFML.htm
How_To_s\How_To_Use_Scaffolds\Customizing_Scaffold_.XSL_Files.htm
How_To_s\How_To_Use_Scaffolds\How_To_Add_A_Scaffodl.htm
How_To_s\How_To_Use_Scaffolds\How_To_Use_Scaffolds.htm
How_To_s\How_To_Use_Scaffolds\Using_Broadcasts,_Results_and_Views_in_Scaffolds.htm
Installing_Model-Glue\Installing_Model-Glue.htm
Quickstart\Quickstart.htm
Quickstart\Quickstart_1__Creating_a_New_Application.htm
Quickstart\Quickstart_3__Building_a_Form.htm
Quickstart\Quickstart_4__Handling_a_Form.htm
Quickstart\Quickstart_5__Validating_a_Form.htm
Quickstart\Quickstart_6__Adding_a_Site-Wide_Template.htm
Quickstart\Quickstart_@__Modelling_our_Application.htm
Read_me_first!\Don_t_Panic!.htm
Reference_Materials\ColdSpring_XML_Reference\ColdSpring_XML_Reference.htm
Reference_Materials\ColdSpring_XML_Reference\Model-Glue_Configuration_Setting_Definitions\Configuration_Setting_Definitions.htm
Reference_Materials\ColdSpring_XML_Reference\Model-Glue_Configuration_Setting_Definitions\Debug.htm
Reference_Materials\ColdSpring_XML_Reference\Model-Glue_Configuration_Setting_Definitions\DefaultCacheTimeout.htm
Reference_Materials\ColdSpring_XML_Reference\Model-Glue_Configuration_Setting_Definitions\DefaultExceptionHandler.htm
Reference_Materials\ColdSpring_XML_Reference\Model-Glue_Configuration_Setting_Definitions\DefaultScaffolds.htm
Reference_Materials\ColdSpring_XML_Reference\Model-Glue_Configuration_Setting_Definitions\DefaultTemplate.htm
Reference_Materials\ColdSpring_XML_Reference\Model-Glue_Configuration_Setting_Definitions\EventValue.htm
Reference_Materials\ColdSpring_XML_Reference\Model-Glue_Configuration_Setting_Definitions\GeneratedViewMapping.htm
Reference_Materials\ColdSpring_XML_Reference\Model-Glue_Configuration_Setting_Definitions\Reload.htm
Reference_Materials\ColdSpring_XML_Reference\Model-Glue_Configuration_Setting_Definitions\ReloadKey.htm
Reference_Materials\ColdSpring_XML_Reference\Model-Glue_Configuration_Setting_Definitions\ReloadPassword.htm
Reference_Materials\ColdSpring_XML_Reference\Model-Glue_Configuration_Setting_Definitions\Rescaffold.htm
Reference_Materials\ColdSpring_XML_Reference\Model-Glue_Configuration_Setting_Definitions\StatePrecedence.htm
Reference_Materials\ColdSpring_XML_Reference\Model-Glue_Configuration_Setting_Definitions\ViewMappings.htm
Reference_Materials\ColdSpring_XML_Reference\Reactor_Configuration_Setting_Definitions\DSN.htm
Reference_Materials\ColdSpring_XML_Reference\Reactor_Configuration_Setting_Definitions\Mapping.htm
Reference_Materials\ColdSpring_XML_Reference\Reactor_Configuration_Setting_Definitions\New_Topic.htm
Reference_Materials\ColdSpring_XML_Reference\Reactor_Configuration_Setting_Definitions\PathToConfigXML.htm
Reference_Materials\ColdSpring_XML_Reference\Reactor_Configuration_Setting_Definitions\Project.htm
Reference_Materials\ColdSpring_XML_Reference\Reactor_Configuration_Setting_Definitions\Type.htm
Reference_Materials\Controller_API\Adding_a_Message_Listener_Function.htm
Reference_Materials\Controller_API\AddToCache(name_string,_value_any,__timeout_numeric_).htm
Reference_Materials\Controller_API\Controller_API.htm
Reference_Materials\Controller_API\GetFromCache(name_string).htm
Reference_Materials\Controller_API\GetModelGlue().htm
Reference_Materials\Event_API\AddResult(name_string).htm
Reference_Materials\Event_API\ArgumentExists.htm
Reference_Materials\Event_API\Event_API.htm
Reference_Materials\Event_API\Forward(eventhandler_string__,_append_list_).htm
Reference_Materials\Event_API\GetAllArguments.htm
Reference_Materials\Event_API\GetAllValues().htm
Reference_Materials\Event_API\GetArgument(name_string,__default_any_).htm
Reference_Materials\Event_API\GetValue(name_string,__default_any_).htm
Reference_Materials\Event_API\GetView(name_string).htm
Reference_Materials\Event_API\MakeEventBean(type_any,__fields_list_).htm
Reference_Materials\Event_API\Trace(name_string,_value_any).htm
Reference_Materials\Event_API\ValueExists(string_name).htm
Reference_Materials\Model-Glue_API\GetBean().htm
Reference_Materials\Model-Glue_API\GetConfigBean().htm
Reference_Materials\Model-Glue_API\GetOrmService().htm
Reference_Materials\Model-Glue_API\Model-Glue_API.htm
Reference_Materials\Model-Glue_XML_Reference\ModelGlue_XML_References.htm
Reference_Materials\Model-Glue_XML_Reference\Tags\_argument_.htm
Reference_Materials\Model-Glue_XML_Reference\Tags\_broadcasts_.htm
Reference_Materials\Model-Glue_XML_Reference\Tags\_config_.htm
Reference_Materials\Model-Glue_XML_Reference\Tags\_controller_.htm
Reference_Materials\Model-Glue_XML_Reference\Tags\_controllers_.htm
Reference_Materials\Model-Glue_XML_Reference\Tags\_event-handler_.htm
Reference_Materials\Model-Glue_XML_Reference\Tags\_event-handlers_.htm
Reference_Materials\Model-Glue_XML_Reference\Tags\_include_.htm
Reference_Materials\Model-Glue_XML_Reference\Tags\_include__(child_tag_of__modelglue_).htm
Reference_Materials\Model-Glue_XML_Reference\Tags\_message-listener_.htm
Reference_Materials\Model-Glue_XML_Reference\Tags\_message_.htm
Reference_Materials\Model-Glue_XML_Reference\Tags\_modelglue_.htm
Reference_Materials\Model-Glue_XML_Reference\Tags\_result_.htm
Reference_Materials\Model-Glue_XML_Reference\Tags\_results_.htm
Reference_Materials\Model-Glue_XML_Reference\Tags\_scaffold_.htm
Reference_Materials\Model-Glue_XML_Reference\Tags\_setting_.htm
Reference_Materials\Model-Glue_XML_Reference\Tags\_value_.htm
Reference_Materials\Model-Glue_XML_Reference\Tags\_views_.htm
Reference_Materials\Reference_Materials.htm
Reference_Materials\View_API\View_API.htm
Reference_Materials\View_API\ViewCollection.Exists(name_string).htm
Reference_Materials\View_API\ViewCollection.GetView(name_string).htm
Reference_Materials\View_API\ViewCollection.htm
Reference_Materials\View_API\Viewstate.Exists().htm
Reference_Materials\View_API\Viewstate.GetAll().htm
Reference_Materials\View_API\Viewstate.GetValue().htm
Reference_Materials\View_API\Viewstate.htm
Upgrading_From_Model-Glue_1\Upgrader_s_Guide.htm
eHelp.xml
RoboHHRE.lng
Model-Glue.glo
default.css
ehlpdhtm.js
Model-Glue.ppf
default_ns.css
whxdata\whtdata0.xml
whxdata\whtdata1.xml
whxdata\whidata0.xml
whxdata\whidata1.xml
whxdata\whidata2.xml
whxdata\whidata3.xml
whxdata\whidata4.xml
whxdata\whidata5.xml
whxdata\whidata6.xml
whxdata\whidata7.xml
whxdata\whidata8.xml
whxdata\whidata9.xml
whxdata\whidata10.xml
whxdata\whidata11.xml
whxdata\whidata12.xml
whxdata\whftdata0.xml
whxdata\whftdata1.xml
whxdata\whfwdata0.xml
whxdata\whfwdata1.xml
whxdata\whfwdata2.xml
whxdata\whfwdata3.xml
whxdata\whfwdata4.xml
whdata\whtdata0.htm
whdata\whtdata1.htm
whdata\whidata0.htm
whdata\whidata1.htm
whdata\whidata2.htm
whdata\whidata3.htm
whdata\whidata4.htm
whdata\whidata5.htm
whdata\whidata6.htm
whdata\whidata7.htm
whdata\whidata8.htm
whdata\whidata9.htm
whdata\whidata10.htm
whdata\whidata11.htm
whdata\whidata12.htm
whdata\whftdata0.htm
whdata\whftdata1.htm
whdata\whfwdata0.htm
whdata\whfwdata1.htm
whdata\whfwdata2.htm
whdata\whfwdata3.htm
whdata\whfwdata4.htm
whgdata\whlstt0.htm
whgdata\whlstt1.htm
whgdata\whlstt2.htm
whgdata\whlstt3.htm
whgdata\whlstt4.htm
whgdata\whlstt5.htm
whgdata\whlstt6.htm
whgdata\whlstt7.htm
whgdata\whlstt8.htm
whgdata\whlstt9.htm
whgdata\whlstt10.htm
whgdata\whlstt11.htm
whgdata\whlstt12.htm
whgdata\whlstt13.htm
whgdata\whlstt14.htm
whgdata\whlstt15.htm
whgdata\whlstt16.htm
whgdata\whlstt17.htm
whgdata\whlstt18.htm
whgdata\whlsti0.htm
whgdata\whlsti1.htm
whgdata\whlsti2.htm
whgdata\whlsti3.htm
whgdata\whlsti4.htm
whgdata\whlsti5.htm
whgdata\whlstfl0.htm
whgdata\whlstfl1.htm
whgdata\whlstfl2.htm
whgdata\whlstfl3.htm
whgdata\whlstfl4.htm
whgdata\whlstfl5.htm
whgdata\whlstfl6.htm
whgdata\whlstfl7.htm
whgdata\whlstfl8.htm
whgdata\whlstfl9.htm
whgdata\whlstfl10.htm
whgdata\whlstfl11.htm
whgdata\whlstfl12.htm
whgdata\whlstfl13.htm
whgdata\whlstfl14.htm
whgdata\whlstfl15.htm
whgdata\whlstfl16.htm
whgdata\whlstfl17.htm
whgdata\whlstfl18.htm
whgdata\whlstfl19.htm
whgdata\whlstfl20.htm
whgdata\whlstfl21.htm
whgdata\whlstfl22.htm
whgdata\whlstf0.htm
whgdata\whlstf1.htm
whgdata\whlstf2.htm
whgdata\whlstf3.htm
whgdata\whlstf4.htm
whgdata\whlstf5.htm
whgdata\whlstf6.htm
whgdata\whlstf7.htm
whgdata\whlstf8.htm
whgdata\whlstf9.htm
whgdata\whlstf10.htm
whgdata\whlstg0.htm
Model-Glue.htm
Model-Glue_csh.htm
Model-Glue_rhc.htm
